<?xml version="1.0" encoding="UTF-8"?>
<!-- Generated by org.testng.reporters.JUnitXMLReporter -->
<testsuite ignored="1" hostname="LAPTOP-2RQ24QEP" failures="0" tests="2" name="Submit Order Test" time="16.253" errors="0" timestamp="06 Sept 2023 06:21:06 GMT">
  <testcase classname="Ronak_Vala.tests.SubmitOrderTest" name="SubmitOrder" time="3.783"/>
  <testcase classname="Ronak_Vala.tests.SubmitOrderTest" name="SubmitOrder" time="3.818"/>
  <testcase classname="Ronak_Vala.tests.SubmitOrderTest" name="OrderHistoryTest" time="0.0">
    <ignored/>
  </testcase> <!-- OrderHistoryTest -->
</testsuite> <!-- Submit Order Test -->
