<?xml version="1.0" encoding="UTF-8"?>
<testng-results ignored="2" total="4" passed="2" failed="0" skipped="0">
  <reporter-output>
  </reporter-output>
  <suite started-at="2023-09-06T06:20:50Z" name="Suite" finished-at="2023-09-06T06:21:06Z" duration-ms="16253">
    <groups>
      <group name="Purchase">
        <method signature="SubmitOrderTest.SubmitOrder(java.util.HashMap)[pri:0, instance:Ronak_Vala.tests.SubmitOrderTest@4d0d9fe7]" name="SubmitOrder" class="Ronak_Vala.tests.SubmitOrderTest"/>
      </group> <!-- Purchase -->
    </groups>
    <test started-at="2023-09-06T06:20:50Z" name="Base Test" finished-at="2023-09-06T06:20:50Z" duration-ms="6">
    </test> <!-- Base Test -->
    <test started-at="2023-09-06T06:20:50Z" name="Error Validation Test" finished-at="2023-09-06T06:20:50Z" duration-ms="6">
    </test> <!-- Error Validation Test -->
    <test started-at="2023-09-06T06:20:50Z" name="Submit Order Test" finished-at="2023-09-06T06:21:06Z" duration-ms="16253">
      <class name="Ronak_Vala.tests.SubmitOrderTest">
        <test-method is-config="true" signature="launchApplication()[pri:0, instance:Ronak_Vala.tests.SubmitOrderTest@4d0d9fe7]" started-at="2023-09-06T06:20:50Z" name="launchApplication" finished-at="2023-09-06T06:20:56Z" duration-ms="5600" status="PASS">
          <reporter-output>
          </reporter-output>
        </test-method> <!-- launchApplication -->
        <test-method signature="SubmitOrder(java.util.HashMap)[pri:0, instance:Ronak_Vala.tests.SubmitOrderTest@4d0d9fe7]" started-at="2023-09-06T06:20:56Z" name="SubmitOrder" data-provider="getData" finished-at="2023-09-06T06:21:00Z" duration-ms="3783" status="PASS">
          <params>
            <param index="0">
              <value>
                <![CDATA[{ProductName=IPHONE 13 PRO, password=Wwe@1234, email=ronakv@gmail.com}]]>
              </value>
            </param>
          </params>
          <reporter-output>
          </reporter-output>
        </test-method> <!-- SubmitOrder -->
        <test-method is-config="true" signature="tearDown()[pri:0, instance:Ronak_Vala.tests.SubmitOrderTest@4d0d9fe7]" started-at="2023-09-06T06:21:00Z" name="tearDown" finished-at="2023-09-06T06:21:00Z" duration-ms="57" status="PASS">
          <reporter-output>
          </reporter-output>
        </test-method> <!-- tearDown -->
        <test-method is-config="true" signature="launchApplication()[pri:0, instance:Ronak_Vala.tests.SubmitOrderTest@4d0d9fe7]" started-at="2023-09-06T06:21:00Z" name="launchApplication" finished-at="2023-09-06T06:21:03Z" duration-ms="2644" status="PASS">
          <reporter-output>
          </reporter-output>
        </test-method> <!-- launchApplication -->
        <test-method signature="SubmitOrder(java.util.HashMap)[pri:0, instance:Ronak_Vala.tests.SubmitOrderTest@4d0d9fe7]" started-at="2023-09-06T06:21:03Z" name="SubmitOrder" data-provider="getData" finished-at="2023-09-06T06:21:06Z" duration-ms="3818" status="PASS">
          <params>
            <param index="0">
              <value>
                <![CDATA[{ProductName=ZARA COAT 3, password=Iamking@000, email=anshika@gmail.com}]]>
              </value>
            </param>
          </params>
          <reporter-output>
          </reporter-output>
        </test-method> <!-- SubmitOrder -->
        <test-method is-config="true" signature="tearDown()[pri:0, instance:Ronak_Vala.tests.SubmitOrderTest@4d0d9fe7]" started-at="2023-09-06T06:21:06Z" name="tearDown" finished-at="2023-09-06T06:21:06Z" duration-ms="105" status="PASS">
          <reporter-output>
          </reporter-output>
        </test-method> <!-- tearDown -->
      </class> <!-- Ronak_Vala.tests.SubmitOrderTest -->
    </test> <!-- Submit Order Test -->
  </suite> <!-- Suite -->
</testng-results>
